0 info it worked if it ends with ok
1 verbose cli [ 'C:\\Program Files\\nodejs\\node.exe',
1 verbose cli   'C:\\Program Files\\nodejs\\node_modules\\npm\\bin\\npm-cli.js',
1 verbose cli   'publish' ]
2 info using npm@2.14.7
3 info using node@v4.2.2
4 verbose publish [ '.' ]
5 silly cache add args [ '.', null ]
6 verbose cache add spec .
7 silly cache add parsed spec Result {
7 silly cache add   raw: '.',
7 silly cache add   scope: null,
7 silly cache add   name: null,
7 silly cache add   rawSpec: '.',
7 silly cache add   spec: 'C:\\Users\\franz\\Documents\\GitHub\\iobroker.lightify',
7 silly cache add   type: 'directory' }
8 verbose addLocalDirectory C:\Users\franz\AppData\Roaming\npm-cache\iobroker.lightify\0.0.6\package.tgz not in flight; packing
9 verbose tar pack [ 'C:\\Users\\franz\\AppData\\Roaming\\npm-cache\\iobroker.lightify\\0.0.6\\package.tgz',
9 verbose tar pack   'C:\\Users\\franz\\Documents\\GitHub\\iobroker.lightify' ]
10 verbose tarball C:\Users\franz\AppData\Roaming\npm-cache\iobroker.lightify\0.0.6\package.tgz
11 verbose folder C:\Users\franz\Documents\GitHub\iobroker.lightify
12 info prepublish iobroker.lightify@0.0.6
13 verbose addLocalTarball adding from inside cache C:\Users\franz\AppData\Roaming\npm-cache\iobroker.lightify\0.0.6\package.tgz
14 silly cache afterAdd iobroker.lightify@0.0.6
15 verbose afterAdd C:\Users\franz\AppData\Roaming\npm-cache\iobroker.lightify\0.0.6\package\package.json not in flight; writing
16 verbose afterAdd C:\Users\franz\AppData\Roaming\npm-cache\iobroker.lightify\0.0.6\package\package.json written
17 silly publish { name: 'iobroker.lightify',
17 silly publish   version: '0.0.6',
17 silly publish   description: 'OSRAM Lightify Adapter',
17 silly publish   author: { name: 'soef', email: 'soef@gmx.net' },
17 silly publish   contributors: [ { name: 'soef', email: 'soef@gmx.net' } ],
17 silly publish   homepage: 'https://github.com/soef/iobroker.lightify',
17 silly publish   license: 'MIT',
17 silly publish   keywords: [ 'ioBroker', 'osram', 'lightify', 'zigbee', 'hue' ],
17 silly publish   repository:
17 silly publish    { type: 'git',
17 silly publish      url: 'git+https://github.com/soef/iobroker.lightify.git' },
17 silly publish   dependencies: { 'node-lightify': '0.0.6' },
17 silly publish   devDependencies: {},
17 silly publish   bugs: { url: 'https://github.com/soef/iobroker.lightify/issues' },
17 silly publish   readmeFilename: 'README.md',
17 silly publish   main: 'lightify.js',
17 silly publish   readme: '![Logo](admin/lightify.png)\n#### ioBroker.lightify \n\nioBroker Adapter for [OSRAM Lightify](http://led.osram.de/led_de/lightify/index.jsp)\n\n#### Info\nThe state names are inspired by the Hue adapter.\n\n###### How to use the command state:\n+ Possible identifiers are: ```red, r, green, g, blue, b, bri, sat, transition, on, off```\n+ The string can be a JSON with or without parentheses. \n+ You can also assign a value by =\n+ Range of colors: ```0..255``` \n+ Range of bri: ```0..100``` \n\nSome Examples:\n```\nr = 100; g = 250, b = 100\nr: 0, g: 0, b = 255\nred: 200, green: 0, blue: 0\n{r:100, b: 200, transition: 20}\noff\non\n{on:0}\n```\nTo change the color you do not have to use all three vallues.\nFor example, ``` red = 0 ```, blue and green will stay unchanged.\n\n#### Requirements\n\n[OSRAM Lightify Gateway][] connected via WLAN to your network.\n\n[OSRAM Lightify Gateway]: http://www.amazon.de/s/ref=nb_sb_noss_1/278-8292784-8078566?__mk_de_DE=%C3%85M%C3%85%C5%BD%C3%95%C3%91&url=search-alias%3Daps&field-keywords=osram+lightify+gateway&rh=i%3Aaps%2Ck%3Aosram+lightify+gateway\n\n#### Installation\nExecute the following command in the iobroker root directory (e.g. in /opt/iobroker)\n```\nnpm install iobroker.lightify \n```\n### License\nThe MIT License (MIT)\n\nCopyright (c) 2016 soef <soef@gmx.net>\n\nPermission is hereby granted, free of charge, to any person obtaining a copy\nof this software and associated documentation files (the "Software"), to deal\nin the Software without restriction, including without limitation the rights\nto use, copy, modify, merge, publish, distribute, sublicense, and/or sell\ncopies of the Software, and to permit persons to whom the Software is\nfurnished to do so, subject to the following conditions:\n\nThe above copyright notice and this permission notice shall be included in\nall copies or substantial portions of the Software.\n\nTHE SOFTWARE IS PROVIDED "AS IS", WITHOUT WARRANTY OF ANY KIND, EXPRESS OR\nIMPLIED, INCLUDING BUT NOT LIMITED TO THE WARRANTIES OF MERCHANTABILITY,\nFITNESS FOR A PARTICULAR PURPOSE AND NONINFRINGEMENT. IN NO EVENT SHALL THE\nAUTHORS OR COPYRIGHT HOLDERS BE LIABLE FOR ANY CLAIM, DAMAGES OR OTHER\nLIABILITY, WHETHER IN AN ACTION OF CONTRACT, TORT OR OTHERWISE, ARISING FROM,\nOUT OF OR IN CONNECTION WITH THE SOFTWARE OR THE USE OR OTHER DEALINGS IN\nTHE SOFTWARE.\n',
17 silly publish   gitHead: 'adfdb4dd0462c3cab7b48747cc3bc2e08ffaa9ed',
17 silly publish   _id: 'iobroker.lightify@0.0.6',
17 silly publish   scripts: {},
17 silly publish   _shasum: 'aae7dc49a8dfe3a428fba1950f68e0bb10973bab',
17 silly publish   _from: '.' }
18 verbose getPublishConfig undefined
19 silly mapToRegistry name iobroker.lightify
20 silly mapToRegistry using default registry
21 silly mapToRegistry registry https://registry.npmjs.org/
22 silly mapToRegistry uri https://registry.npmjs.org/iobroker.lightify
23 verbose publish registryBase https://registry.npmjs.org/
24 silly publish uploading C:\Users\franz\AppData\Roaming\npm-cache\iobroker.lightify\0.0.6\package.tgz
25 verbose request uri https://registry.npmjs.org/iobroker.lightify
26 verbose request sending authorization for write operation
27 info attempt registry request try #1 at 10:21:03
28 verbose request using bearer token for auth
29 verbose request id e6c0053fcee1df74
30 http request PUT https://registry.npmjs.org/iobroker.lightify
31 http 403 https://registry.npmjs.org/iobroker.lightify
32 verbose headers { 'content-type': 'application/json',
32 verbose headers   'cache-control': 'max-age=300',
32 verbose headers   'content-length': '95',
32 verbose headers   'accept-ranges': 'bytes',
32 verbose headers   date: 'Mon, 03 Oct 2016 08:21:05 GMT',
32 verbose headers   via: '1.1 varnish',
32 verbose headers   connection: 'keep-alive',
32 verbose headers   'x-served-by': 'cache-fra1239-FRA',
32 verbose headers   'x-cache': 'MISS',
32 verbose headers   'x-cache-hits': '0',
32 verbose headers   'x-timer': 'S1475482863.906147,VS0,VE1326',
32 verbose headers   vary: 'Accept-Encoding' }
33 verbose request invalidating C:\Users\franz\AppData\Roaming\npm-cache\registry.npmjs.org\iobroker.lightify on PUT
34 error publish Failed PUT 403
35 verbose stack Error: "You cannot publish over the previously published version 0.0.6." : iobroker.lightify
35 verbose stack     at makeError (C:\Program Files\nodejs\node_modules\npm\node_modules\npm-registry-client\lib\request.js:264:12)
35 verbose stack     at CachingRegistryClient.<anonymous> (C:\Program Files\nodejs\node_modules\npm\node_modules\npm-registry-client\lib\request.js:252:14)
35 verbose stack     at Request._callback (C:\Program Files\nodejs\node_modules\npm\node_modules\npm-registry-client\lib\request.js:172:14)
35 verbose stack     at Request.self.callback (C:\Program Files\nodejs\node_modules\npm\node_modules\request\request.js:198:22)
35 verbose stack     at emitTwo (events.js:87:13)
35 verbose stack     at Request.emit (events.js:172:7)
35 verbose stack     at Request.<anonymous> (C:\Program Files\nodejs\node_modules\npm\node_modules\request\request.js:1063:14)
35 verbose stack     at emitOne (events.js:82:20)
35 verbose stack     at Request.emit (events.js:169:7)
35 verbose stack     at IncomingMessage.<anonymous> (C:\Program Files\nodejs\node_modules\npm\node_modules\request\request.js:1009:12)
36 verbose statusCode 403
37 verbose pkgid iobroker.lightify
38 verbose cwd C:\Users\franz\Documents\GitHub\iobroker.lightify
39 error Windows_NT 10.0.10586
40 error argv "C:\\Program Files\\nodejs\\node.exe" "C:\\Program Files\\nodejs\\node_modules\\npm\\bin\\npm-cli.js" "publish"
41 error node v4.2.2
42 error npm  v2.14.7
43 error code E403
44 error "You cannot publish over the previously published version 0.0.6." : iobroker.lightify
45 error If you need help, you may report this error at:
45 error     <https://github.com/npm/npm/issues>
46 verbose exit [ 1, true ]
